<?xml version="1.0" encoding="UTF-8"?>
<!-- Generated by org.testng.reporters.JUnitXMLReporter -->
<testsuite ignored="0" hostname="DESKTOP-6LJCPTQ" failures="0" tests="1" name="Test-chrome" time="22.921" errors="0" timestamp="2021-03-19T14:16:24 EDT">
  <testcase classname="com.InetBanking.testCases.TC003_AddCustomer" name="addNewCustomer" time="18.689"/>
</testsuite> <!-- Test-chrome -->
