<?xml version="1.0" encoding="UTF-8"?>
<!-- Generated by org.testng.reporters.JUnitXMLReporter -->
<testsuite ignored="0" hostname="DESKTOP-6LJCPTQ" failures="1" tests="1" name="Test-edge" time="23.304" errors="0" timestamp="2021-03-19T14:12:43 EDT">
  <testcase classname="com.InetBanking.testCases.TC003_AddCustomer" name="addNewCustomer" time="18.92">
    <failure type="java.lang.AssertionError" message="expected [true] but found [false]">
      <![CDATA[java.lang.AssertionError: expected [true] but found [false]
at com.InetBanking.testCases.TC003_AddCustomer.addNewCustomer(TC003_AddCustomer.java:63)
at java.base/java.util.ArrayList.forEach(ArrayList.java:1511)
... Removed 31 stack frames]]>
    </failure>
  </testcase> <!-- addNewCustomer -->
</testsuite> <!-- Test-edge -->
