<?xml version="1.0" encoding="UTF-8"?>
<!-- Generated by org.testng.reporters.JUnitXMLReporter -->
<testsuite hostname="DESKTOP-6LJCPTQ" ignored="0" name="Test-chrome" tests="1" failures="0" timestamp="2021-03-20T11:27:14 EDT" time="22.939" errors="0">
  <testcase name="addNewCustomer" time="18.798" classname="com.InetBanking.testCases.TC003_AddCustomer"/>
</testsuite> <!-- Test-chrome -->
