<?xml version="1.0" encoding="UTF-8"?>
<!-- Generated by org.testng.reporters.JUnitReportReporter -->
<testsuite hostname="DESKTOP-6LJCPTQ" failures="0" tests="1" name="com.InetBanking.testCases.TC003_AddCustomer" time="18.689" errors="0" timestamp="2021-03-19T14:16:24 EDT" skipped="0">
  <testcase classname="com.InetBanking.testCases.TC003_AddCustomer" name="addNewCustomer" time="18.689"/>
  <system-out/>
</testsuite> <!-- com.InetBanking.testCases.TC003_AddCustomer -->
