<?xml version="1.0" encoding="UTF-8"?>
<!-- Generated by org.testng.reporters.JUnitReportReporter -->
<testsuite skipped="0" hostname="DESKTOP-6LJCPTQ" name="com.InetBanking.testCases.TC003_AddCustomer" tests="1" failures="0" timestamp="2021-03-20T11:27:14 EDT" time="18.798" errors="0">
  <testcase name="addNewCustomer" time="18.798" classname="com.InetBanking.testCases.TC003_AddCustomer"/>
  <system-out/>
</testsuite> <!-- com.InetBanking.testCases.TC003_AddCustomer -->
